This is pdfTeX, Version 3.1415926-2.5-1.40.14 (MiKTeX 2.9) (preloaded format=pdftex 2015.8.28)  23 NOV 2015 08:37
entering extended mode
**C:/Users/Ross/Documents/fractalFlow/references.bib
(C:/Users/Ross/Documents/fractalFlow/references.bib
Overfull \hbox (21.96619pt too wide) in paragraph at lines 5--18
\tenrm tion;entropy;flow vi-su-al-i-sa-tion;2D flow data vi-su-al-iza-tion;3D f
low data.visualization;Shannon's en-tropy;conditional|

\hbox(6.94444+1.94444)x469.75499, glue set - 1.0
.\tenrm t
.\tenrm i
.\tenrm o
.\tenrm n
.\tenrm ;
.etc.


Overfull \hbox (8.7738pt too wide) in paragraph at lines 5--18
\tenrm entropy;information-theoretic frame-work;streamline gen-er-a-tion;vector
 field;visual com-mu-ni-ca-tion chan-nel;Data|

\hbox(6.94444+1.94444)x469.75499, glue set - 1.0
.\tenrm e
.\tenrm n
.\kern-0.27779
.\tenrm t
.\tenrm r
.etc.


Overfull \hbox (38.57953pt too wide) in paragraph at lines 5--18
\tenrm vi-su-al-iza-tion;Entropy;Histograms;Information the-ory;Streaming me-di
a;Three di-men-sional dis-plays;Visualization;Flow|

\hbox(6.94444+1.94444)x469.75499, glue set - 1.0
.\tenrm v
.\tenrm i
.\discretionary
..\tenrm -
.\tenrm s
.\tenrm u
.etc.


Overfull \hbox (7.8849pt too wide) in paragraph at lines 19--32
\tenrm tion;streamline vi-su-al-iza-tion;Complexity the-ory;Feature ex-trac-tio
n;Fractals;Measurement;Spirals;Vectors;Flow|

\hbox(6.94444+1.94444)x469.75499, glue set - 1.0
.\tenrm t
.\tenrm i
.\tenrm o
.\tenrm n
.\tenrm ;
.etc.


Overfull \hbox (3.05162pt too wide) in paragraph at lines 33--46
\tenrm tions;kinematics;motion anal-y-sis;pointwise lin-ear rep-re-sen-ta-tion;
rotational mo-tion;salient pat-terns;topological|

\hbox(6.94444+1.94444)x469.75499, glue set - 1.0
.\tenrm t
.\tenrm i
.\tenrm o
.\tenrm n
.\tenrm s
.etc.


Overfull \hbox (17.41273pt too wide) in paragraph at lines 33--46
\tenrm ics;Computer So-ci-ety;Computer vi-sion;Fluid flow;Image mo-tion anal-y-
sis;Motion anal-y-sis;Optical vor-tices;Pattern|

\hbox(6.94444+1.94444)x469.75499, glue set - 1.0
.\tenrm i
.\tenrm c
.\tenrm s
.\tenrm ;
.\tenrm C
.etc.


Overfull \hbox (38.52388pt too wide) in paragraph at lines 47--57
\tenrm gu-la-tion;direction field;farthest point seed-ing strat-egy;greedy ap-p
roach;numerical in-te-gra-tion;optimization;streamlines|

\hbox(6.94444+1.94444)x469.75499, glue set - 1.0
.\tenrm g
.\tenrm u
.\discretionary
..\tenrm -
.\tenrm l
.\tenrm a
.etc.

Missing character: There is no ï in font cmr10!
Missing character: There is no ¿ in font cmr10!
Missing character: There is no ½ in font cmr10!

Overfull \hbox (17.63377pt too wide) in paragraph at lines 84--95
\tenrm ters;optimisation;vectors;3D para-met-ric sur-faces;automatic seed point
 place-ment;computational space;curvilinear|

\hbox(6.94444+1.94444)x469.75499, glue set - 1.0
.\tenrm t
.\tenrm e
.\tenrm r
.\tenrm s
.\tenrm ;
.etc.


Overfull \hbox (18.5794pt too wide) in paragraph at lines 84--95
\tenrm fil-tered stream-line im-age;mapping dis-tor-tion;optimization pro-cess;
uneven grid den-sity;uniform dis-tri-bu-tion;vector|

\hbox(6.94444+1.94444)x469.75499, glue set - 1.0
.\tenrm  (ligature fi)
.\tenrm l
.\discretionary
..\tenrm -
.\tenrm t
.\tenrm e
.etc.


Overfull \hbox (78.35721pt too wide) in paragraph at lines 96--109
\tenrm noise;triangular mesh;trilinear in-ter-po-la-tion;Area mea-sure-ment;Ben
chmark test-ing;Correlation;Fractals;Isosurfaces;Noise;Noise|

\hbox(6.94444+1.94444)x469.75499, glue set - 1.0
.\tenrm n
.\tenrm o
.\tenrm i
.\tenrm s
.\tenrm e
.etc.


Overfull \hbox (47.51001pt too wide) in paragraph at lines 96--109
\tenrm mea-sure-ment;Isosurfaces;fractal di-men-sion;scalar data;Algorithms;Bra
in;Computer Graph-ics;Fractals;Humans;Imaging,|

\hbox(6.94444+1.94444)x469.75499, glue set - 1.0
.\tenrm m
.\tenrm e
.\tenrm a
.\discretionary
..\tenrm -
.\tenrm s
.etc.

[1{C:/ProgramData/MiKTeX/2.9/pdftex/config/pdftex.map}]
Overfull \hbox (7.1905pt too wide) in paragraph at lines 110--121
\tenrm ing;Design op-ti-miza-tion;Eigenvalues and eigen-func-tions;Fluid dy-nam
-ics;Hydrodynamics;Physics;Region 4;Ten-|

\hbox(6.94444+1.94444)x469.75499, glue set - 1.0
.\tenrm i
.\tenrm n
.\tenrm g
.\tenrm ;
.\tenrm D
.etc.


Overfull \hbox (8.89879pt too wide) in paragraph at lines 149--162
\tenrm nam-ics;Shock waves;Temperature;Topology;Flow vi-su-al-iza-tion;feature 
de-tec-tion.;Algorithms;Computer Graph-|

\hbox(6.94444+1.94444)x469.75499, glue set - 1.0
.\tenrm n
.\tenrm a
.\tenrm m
.\discretionary
..\tenrm -
.\tenrm i
.etc.


Overfull \hbox (4.02371pt too wide) in paragraph at lines 149--162
\tenrm ics;Computer Sim-u-la-tion;Image In-ter-pre-ta-tion, Computer-Assisted;I
maging, Three-Dimensional;Models, The-|

\hbox(6.94444+1.94444)x469.75499, glue set - 1.0
.\tenrm i
.\tenrm c
.\tenrm s
.\tenrm ;
.\tenrm C
.etc.


Overfull \hbox (6.69032pt too wide) in paragraph at lines 177--190
[]\tenrm @Articlemahrous, Ti-tle = Topo-log-i-cal seg-men-ta-tion in three-dime
nsional vec-tor fields, Au-thor = Mahrous,|

\hbox(6.94444+1.94444)x469.75499, glue set - 1.0
.\hbox(0.0+0.0)x20.0
.\tenrm @
.\tenrm A
.\tenrm r
.\tenrm t
.etc.


Overfull \hbox (27.8849pt too wide) in paragraph at lines 177--190
\tenrm Computer-Assisted;Imaging, Three-Dimensional;Information Stor-age and Re
-trieval;Numerical Anal-y-sis, Computer-|

\hbox(6.94444+1.94444)x469.75499, glue set - 1.0
.\tenrm C
.\tenrm o
.\tenrm m
.\tenrm p
.\tenrm u
.etc.


Overfull \hbox (12.10715pt too wide) in paragraph at lines 177--190
\tenrm Assisted;Pattern Recog-ni-tion, Au-to-mated;Reproducibility of Re-sults;
Rheology;Sensitivity and Speci-ficity;Signal|

\hbox(6.94444+1.94444)x469.75499, glue set - 1.0
.\tenrm A
.\tenrm s
.\tenrm s
.\tenrm i
.\tenrm s
.etc.

Missing character: There is no ï in font cmr10!
Missing character: There is no ¿ in font cmr10!
Missing character: There is no ½ in font cmr10!

Overfull \hbox (7.35608pt too wide) in paragraph at lines 191--201
\tenrm meth-ods;3D stream-line;Shannon en-tropy;entropy field;flow field;flow v
i-su-al-iza-tion;geometric prim-i-tive;maximal|

\hbox(6.94444+1.94444)x469.75499, glue set - 1.0
.\tenrm m
.\tenrm e
.\tenrm t
.\tenrm h
.\discretionary
..\tenrm -
.etc.

[2]
Overfull \hbox (27.95206pt too wide) in paragraph at lines 202--215
\tenrm faces;vectors;3D vec-tor fields;GPU im-ple-men-ta-tion;data space;featur
e search;proper visualization;self-occlusion;user|

\hbox(6.94444+1.94444)x469.75499, glue set - 1.0
.\tenrm f
.\tenrm a
.\tenrm c
.\tenrm e
.\tenrm s
.etc.


Overfull \hbox (6.5237pt too wide) in paragraph at lines 202--215
\tenrm intervention;view-dependent stream-lines;Entropy;Measurement;Rendering (
com-puter graph-ics);Streaming me-|

\hbox(7.5+2.5)x469.75499, glue set - 1.0
.\tenrm i
.\tenrm n
.\kern-0.27779
.\tenrm t
.\tenrm e
.etc.

)
*
! Emergency stop.
<*> ...s/Ross/Documents/fractalFlow/references.bib
                                                  
End of file on the terminal!

!  ==> Fatal error occurred, no output PDF file produced!
